<?xml version="1.0" encoding="UTF-8"?>
<testsuite name="com.mono.min.MinApplicationTests" tests="1" skipped="0" failures="0" errors="0" timestamp="2025-02-17T08:22:02" hostname="giacom0003.gnt-global.com" time="0.068">
  <properties/>
  <testcase name="contextLoads()" classname="com.mono.min.MinApplicationTests" time="0.068"/>
  <system-out><![CDATA[15:22:02.363 [Test worker] DEBUG org.springframework.test.context.BootstrapUtils - Instantiating CacheAwareContextLoaderDelegate from class [org.springframework.test.context.cache.DefaultCacheAwareContextLoaderDelegate]
15:22:02.366 [Test worker] DEBUG org.springframework.test.context.BootstrapUtils - Instantiating BootstrapContext using constructor [public org.springframework.test.context.support.DefaultBootstrapContext(java.lang.Class,org.springframework.test.context.CacheAwareContextLoaderDelegate)]
15:22:02.378 [Test worker] DEBUG org.springframework.test.context.BootstrapUtils - Instantiating TestContextBootstrapper for test class [com.mono.min.MinApplicationTests] from class [org.springframework.boot.test.context.SpringBootTestContextBootstrapper]
15:22:02.381 [Test worker] INFO org.springframework.boot.test.context.SpringBootTestContextBootstrapper - Neither @ContextConfiguration nor @ContextHierarchy found for test class [com.mono.min.MinApplicationTests], using SpringBootContextLoader
15:22:02.382 [Test worker] DEBUG org.springframework.test.context.support.AbstractContextLoader - Did not detect default resource location for test class [com.mono.min.MinApplicationTests]: class path resource [com/mono/min/MinApplicationTests-context.xml] does not exist
15:22:02.382 [Test worker] DEBUG org.springframework.test.context.support.AbstractContextLoader - Did not detect default resource location for test class [com.mono.min.MinApplicationTests]: class path resource [com/mono/min/MinApplicationTestsContext.groovy] does not exist
15:22:02.382 [Test worker] INFO org.springframework.test.context.support.AbstractContextLoader - Could not detect default resource locations for test class [com.mono.min.MinApplicationTests]: no resource found for suffixes {-context.xml, Context.groovy}.
15:22:02.382 [Test worker] INFO org.springframework.test.context.support.AnnotationConfigContextLoaderUtils - Could not detect default configuration classes for test class [com.mono.min.MinApplicationTests]: MinApplicationTests does not declare any static, non-private, non-final, nested classes annotated with @Configuration.
15:22:02.395 [Test worker] DEBUG org.springframework.test.context.support.ActiveProfilesUtils - Could not find an 'annotation declaring class' for annotation type [org.springframework.test.context.ActiveProfiles] and class [com.mono.min.MinApplicationTests]
15:22:02.415 [Test worker] DEBUG org.springframework.context.annotation.ClassPathScanningCandidateComponentProvider - Identified candidate component class: file [/Users/betrend1/Doing/my-monorepo/apps/backend/build/classes/java/main/com/mono/min/MinApplication.class]
15:22:02.415 [Test worker] INFO org.springframework.boot.test.context.SpringBootTestContextBootstrapper - Found @SpringBootConfiguration com.mono.min.MinApplication for test class com.mono.min.MinApplicationTests
15:22:02.448 [Test worker] DEBUG org.springframework.boot.test.context.SpringBootTestContextBootstrapper - @TestExecutionListeners is not present for class [com.mono.min.MinApplicationTests]: using defaults.
15:22:02.448 [Test worker] INFO org.springframework.boot.test.context.SpringBootTestContextBootstrapper - Loaded default TestExecutionListener class names from location [META-INF/spring.factories]: [org.springframework.boot.test.autoconfigure.restdocs.RestDocsTestExecutionListener, org.springframework.boot.test.autoconfigure.web.client.MockRestServiceServerResetTestExecutionListener, org.springframework.boot.test.autoconfigure.web.servlet.MockMvcPrintOnlyOnFailureTestExecutionListener, org.springframework.boot.test.autoconfigure.web.servlet.WebDriverTestExecutionListener, org.springframework.boot.test.autoconfigure.webservices.client.MockWebServiceServerTestExecutionListener, org.springframework.boot.test.mock.mockito.MockitoTestExecutionListener, org.springframework.boot.test.mock.mockito.ResetMocksTestExecutionListener, org.springframework.test.context.web.ServletTestExecutionListener, org.springframework.test.context.support.DirtiesContextBeforeModesTestExecutionListener, org.springframework.test.context.event.ApplicationEventsTestExecutionListener, org.springframework.test.context.support.DependencyInjectionTestExecutionListener, org.springframework.test.context.support.DirtiesContextTestExecutionListener, org.springframework.test.context.transaction.TransactionalTestExecutionListener, org.springframework.test.context.jdbc.SqlScriptsTestExecutionListener, org.springframework.test.context.event.EventPublishingTestExecutionListener]
15:22:02.451 [Test worker] DEBUG org.springframework.boot.test.context.SpringBootTestContextBootstrapper - Skipping candidate TestExecutionListener [org.springframework.test.context.web.ServletTestExecutionListener] due to a missing dependency. Specify custom listener classes or make the default listener classes and their required dependencies available. Offending class: [javax/servlet/ServletContext]
15:22:02.452 [Test worker] DEBUG org.springframework.boot.test.context.SpringBootTestContextBootstrapper - Skipping candidate TestExecutionListener [org.springframework.test.context.transaction.TransactionalTestExecutionListener] due to a missing dependency. Specify custom listener classes or make the default listener classes and their required dependencies available. Offending class: [org/springframework/transaction/interceptor/TransactionAttributeSource]
15:22:02.452 [Test worker] DEBUG org.springframework.boot.test.context.SpringBootTestContextBootstrapper - Skipping candidate TestExecutionListener [org.springframework.test.context.jdbc.SqlScriptsTestExecutionListener] due to a missing dependency. Specify custom listener classes or make the default listener classes and their required dependencies available. Offending class: [org/springframework/transaction/interceptor/TransactionAttribute]
15:22:02.452 [Test worker] INFO org.springframework.boot.test.context.SpringBootTestContextBootstrapper - Using TestExecutionListeners: [org.springframework.test.context.support.DirtiesContextBeforeModesTestExecutionListener@3b96c42e, org.springframework.test.context.event.ApplicationEventsTestExecutionListener@5d066c7d, org.springframework.boot.test.mock.mockito.MockitoTestExecutionListener@1e461e41, org.springframework.boot.test.autoconfigure.SpringBootDependencyInjectionTestExecutionListener@5ba88be8, org.springframework.test.context.support.DirtiesContextTestExecutionListener@56928307, org.springframework.test.context.event.EventPublishingTestExecutionListener@3899782c, org.springframework.boot.test.autoconfigure.restdocs.RestDocsTestExecutionListener@1603cd68, org.springframework.boot.test.autoconfigure.web.client.MockRestServiceServerResetTestExecutionListener@9ebe38b, org.springframework.boot.test.autoconfigure.web.servlet.MockMvcPrintOnlyOnFailureTestExecutionListener@4b23c30a, org.springframework.boot.test.autoconfigure.web.servlet.WebDriverTestExecutionListener@38089a5a, org.springframework.boot.test.autoconfigure.webservices.client.MockWebServiceServerTestExecutionListener@30e868be, org.springframework.boot.test.mock.mockito.ResetMocksTestExecutionListener@66c92293]
15:22:02.453 [Test worker] DEBUG org.springframework.test.context.support.AbstractDirtiesContextTestExecutionListener - Before test class: context [DefaultTestContext@4c1f22f3 testClass = MinApplicationTests, testInstance = [null], testMethod = [null], testException = [null], mergedContextConfiguration = [MergedContextConfiguration@598bd2ba testClass = MinApplicationTests, locations = '{}', classes = '{class com.mono.min.MinApplication}', contextInitializerClasses = '[]', activeProfiles = '{}', propertySourceLocations = '{}', propertySourceProperties = '{org.springframework.boot.test.context.SpringBootTestContextBootstrapper=true}', contextCustomizers = set[org.springframework.boot.test.autoconfigure.actuate.metrics.MetricsExportContextCustomizerFactory$DisableMetricExportContextCustomizer@cecf639, org.springframework.boot.test.autoconfigure.properties.PropertyMappingContextCustomizer@0, org.springframework.boot.test.autoconfigure.web.servlet.WebDriverContextCustomizerFactory$Customizer@247310d0, org.springframework.boot.test.context.filter.ExcludeFilterContextCustomizer@4082ba93, org.springframework.boot.test.json.DuplicateJsonObjectContextCustomizerFactory$DuplicateJsonObjectContextCustomizer@43df23d3, org.springframework.boot.test.mock.mockito.MockitoContextCustomizer@0, org.springframework.boot.test.web.client.TestRestTemplateContextCustomizer@536f2a7e, org.springframework.boot.test.context.SpringBootTestArgs@1, org.springframework.boot.test.context.SpringBootTestWebEnvironment@1f0f1111], contextLoader = 'org.springframework.boot.test.context.SpringBootContextLoader', parent = [null]], attributes = map[[empty]]], class annotated with @DirtiesContext [false] with mode [null].
15:22:02.457 [Test worker] DEBUG org.springframework.test.context.support.DependencyInjectionTestExecutionListener - Performing dependency injection for test context [[DefaultTestContext@4c1f22f3 testClass = MinApplicationTests, testInstance = com.mono.min.MinApplicationTests@4426bff1, testMethod = [null], testException = [null], mergedContextConfiguration = [MergedContextConfiguration@598bd2ba testClass = MinApplicationTests, locations = '{}', classes = '{class com.mono.min.MinApplication}', contextInitializerClasses = '[]', activeProfiles = '{}', propertySourceLocations = '{}', propertySourceProperties = '{org.springframework.boot.test.context.SpringBootTestContextBootstrapper=true}', contextCustomizers = set[org.springframework.boot.test.autoconfigure.actuate.metrics.MetricsExportContextCustomizerFactory$DisableMetricExportContextCustomizer@cecf639, org.springframework.boot.test.autoconfigure.properties.PropertyMappingContextCustomizer@0, org.springframework.boot.test.autoconfigure.web.servlet.WebDriverContextCustomizerFactory$Customizer@247310d0, org.springframework.boot.test.context.filter.ExcludeFilterContextCustomizer@4082ba93, org.springframework.boot.test.json.DuplicateJsonObjectContextCustomizerFactory$DuplicateJsonObjectContextCustomizer@43df23d3, org.springframework.boot.test.mock.mockito.MockitoContextCustomizer@0, org.springframework.boot.test.web.client.TestRestTemplateContextCustomizer@536f2a7e, org.springframework.boot.test.context.SpringBootTestArgs@1, org.springframework.boot.test.context.SpringBootTestWebEnvironment@1f0f1111], contextLoader = 'org.springframework.boot.test.context.SpringBootContextLoader', parent = [null]], attributes = map['org.springframework.test.context.event.ApplicationEventsTestExecutionListener.recordApplicationEvents' -> false]]].

  .   ____          _            __ _ _
 /\\ / ___'_ __ _ _(_)_ __  __ _ \ \ \ \
( ( )\___ | '_ | '_| | '_ \/ _` | \ \ \ \
 \\/  ___)| |_)| | | | | || (_| |  ) ) ) )
  '  |____| .__|_| |_|_| |_\__, | / / / /
 =========|_|==============|___/=/_/_/_/
 :: Spring Boot ::               (v2.7.18)

2025-02-17 15:22:02.561  INFO 17675 --- [    Test worker] com.mono.min.MinApplicationTests         : Starting MinApplicationTests using Java 1.8.0_432 on giacom0003.gnt-global.com with PID 17675 (started by betrend1 in /Users/betrend1/Doing/my-monorepo/apps/backend)
2025-02-17 15:22:02.561  INFO 17675 --- [    Test worker] com.mono.min.MinApplicationTests         : No active profile set, falling back to 1 default profile: "default"
2025-02-17 15:22:02.747  INFO 17675 --- [    Test worker] com.mono.min.MinApplicationTests         : Started MinApplicationTests in 0.282 seconds (JVM running for 0.669)
]]></system-out>
  <system-err><![CDATA[]]></system-err>
</testsuite>
